This is pdfTeX, Version 3.14159265-2.6-1.40.16 (TeX Live 2015) (preloaded format=pdflatex 2015.5.24)  30 MAY 2019 19:46
entering extended mode
 restricted \write18 enabled.
 %&-line parsing enabled.
**NN_MRR.tex
(./NN_MRR.tex
LaTeX2e <2015/01/01>
Babel <3.9l> and hyphenation patterns for 79 languages loaded.
(/usr/local/texlive/2015/texmf-dist/tex/latex/base/article.cls
Document Class: article 2014/09/29 v1.4h Standard LaTeX document class
(/usr/local/texlive/2015/texmf-dist/tex/latex/base/size12.clo
File: size12.clo 2014/09/29 v1.4h Standard LaTeX file (size option)
)
\c@part=\count79
\c@section=\count80
\c@subsection=\count81
\c@subsubsection=\count82
\c@paragraph=\count83
\c@subparagraph=\count84
\c@figure=\count85
\c@table=\count86
\abovecaptionskip=\skip41
\belowcaptionskip=\skip42
\bibindent=\dimen102
)
(/usr/local/texlive/2015/texmf-dist/tex/latex/amsfonts/amssymb.sty
Package: amssymb 2013/01/14 v3.01 AMS font symbols

(/usr/local/texlive/2015/texmf-dist/tex/latex/amsfonts/amsfonts.sty
Package: amsfonts 2013/01/14 v3.01 Basic AMSFonts support
\@emptytoks=\toks14
\symAMSa=\mathgroup4
\symAMSb=\mathgroup5
LaTeX Font Info:    Overwriting math alphabet `\mathfrak' in version `bold'
(Font)                  U/euf/m/n --> U/euf/b/n on input line 106.
))
(/usr/local/texlive/2015/texmf-dist/tex/latex/amsmath/amsmath.sty
Package: amsmath 2013/01/14 v2.14 AMS math features
\@mathmargin=\skip43

For additional information on amsmath, use the `?' option.
(/usr/local/texlive/2015/texmf-dist/tex/latex/amsmath/amstext.sty
Package: amstext 2000/06/29 v2.01

(/usr/local/texlive/2015/texmf-dist/tex/latex/amsmath/amsgen.sty
File: amsgen.sty 1999/11/30 v2.0
\@emptytoks=\toks15
\ex@=\dimen103
))
(/usr/local/texlive/2015/texmf-dist/tex/latex/amsmath/amsbsy.sty
Package: amsbsy 1999/11/29 v1.2d
\pmbraise@=\dimen104
)
(/usr/local/texlive/2015/texmf-dist/tex/latex/amsmath/amsopn.sty
Package: amsopn 1999/12/14 v2.01 operator names
)
\inf@bad=\count87
LaTeX Info: Redefining \frac on input line 210.
\uproot@=\count88
\leftroot@=\count89
LaTeX Info: Redefining \overline on input line 306.
\classnum@=\count90
\DOTSCASE@=\count91
LaTeX Info: Redefining \ldots on input line 378.
LaTeX Info: Redefining \dots on input line 381.
LaTeX Info: Redefining \cdots on input line 466.
\Mathstrutbox@=\box26
\strutbox@=\box27
\big@size=\dimen105
LaTeX Font Info:    Redeclaring font encoding OML on input line 566.
LaTeX Font Info:    Redeclaring font encoding OMS on input line 567.
\macc@depth=\count92
\c@MaxMatrixCols=\count93
\dotsspace@=\muskip10
\c@parentequation=\count94
\dspbrk@lvl=\count95
\tag@help=\toks16
\row@=\count96
\column@=\count97
\maxfields@=\count98
\andhelp@=\toks17
\eqnshift@=\dimen106
\alignsep@=\dimen107
\tagshift@=\dimen108
\tagwidth@=\dimen109
\totwidth@=\dimen110
\lineht@=\dimen111
\@envbody=\toks18
\multlinegap=\skip44
\multlinetaggap=\skip45
\mathdisplay@stack=\toks19
LaTeX Info: Redefining \[ on input line 2665.
LaTeX Info: Redefining \] on input line 2666.
)
(/usr/local/texlive/2015/texmf-dist/tex/latex/multirow/multirow.sty
\bigstrutjot=\dimen112
)
(/usr/local/texlive/2015/texmf-dist/tex/latex/graphics/graphicx.sty
Package: graphicx 2014/10/28 v1.0g Enhanced LaTeX Graphics (DPC,SPQR)

(/usr/local/texlive/2015/texmf-dist/tex/latex/graphics/keyval.sty
Package: keyval 2014/10/28 v1.15 key=value parser (DPC)
\KV@toks@=\toks20
)
(/usr/local/texlive/2015/texmf-dist/tex/latex/graphics/graphics.sty
Package: graphics 2014/10/28 v1.0p Standard LaTeX Graphics (DPC,SPQR)

(/usr/local/texlive/2015/texmf-dist/tex/latex/graphics/trig.sty
Package: trig 1999/03/16 v1.09 sin cos tan (DPC)
)
(/usr/local/texlive/2015/texmf-dist/tex/latex/latexconfig/graphics.cfg
File: graphics.cfg 2010/04/23 v1.9 graphics configuration of TeX Live
)
Package graphics Info: Driver file: pdftex.def on input line 94.

(/usr/local/texlive/2015/texmf-dist/tex/latex/pdftex-def/pdftex.def
File: pdftex.def 2011/05/27 v0.06d Graphics/color for pdfTeX

(/usr/local/texlive/2015/texmf-dist/tex/generic/oberdiek/infwarerr.sty
Package: infwarerr 2010/04/08 v1.3 Providing info/warning/error messages (HO)
)
(/usr/local/texlive/2015/texmf-dist/tex/generic/oberdiek/ltxcmds.sty
Package: ltxcmds 2011/11/09 v1.22 LaTeX kernel commands for general use (HO)
)
\Gread@gobject=\count99
))
\Gin@req@height=\dimen113
\Gin@req@width=\dimen114
)
(/usr/local/texlive/2015/texmf-dist/tex/latex/natbib/natbib.sty
Package: natbib 2010/09/13 8.31b (PWD, AO)
\bibhang=\skip46
\bibsep=\skip47
LaTeX Info: Redefining \cite on input line 694.
\c@NAT@ctr=\count100
)
(/usr/local/texlive/2015/texmf-dist/tex/latex/changepage/chngpage.sty
Package: chngpage 2009/10/20 v1.2b change page layout
\c@cp@cnt=\count101
\c@cp@tempcnt=\count102
)
(/usr/local/texlive/2015/texmf-dist/tex/latex/titling/titling.sty
Package: titling 2009/09/04 v2.1d maketitle typesetting
\thanksmarkwidth=\skip48
\thanksmargin=\skip49
\droptitle=\skip50
)
(/usr/local/texlive/2015/texmf-dist/tex/latex/setspace/setspace.sty
Package: setspace 2011/12/19 v6.7a set line spacing
)
(/usr/local/texlive/2015/texmf-dist/tex/latex/preprint/fullpage.sty
Package: fullpage 1999/02/23 1.1 (PWD)
\FP@margin=\skip51
)
(/usr/local/texlive/2015/texmf-dist/tex/latex/caption/caption.sty
Package: caption 2013/05/02 v3.3-89 Customizing captions (AR)

(/usr/local/texlive/2015/texmf-dist/tex/latex/caption/caption3.sty
Package: caption3 2013/05/02 v1.6-88 caption3 kernel (AR)
Package caption3 Info: TeX engine: e-TeX on input line 57.
\captionmargin=\dimen115
\captionmargin@=\dimen116
\captionwidth=\dimen117
\caption@tempdima=\dimen118
\caption@indent=\dimen119
\caption@parindent=\dimen120
\caption@hangindent=\dimen121
)
\c@ContinuedFloat=\count103
)
(/usr/local/texlive/2015/texmf-dist/tex/latex/algorithms/algorithm.sty
Package: algorithm 2009/08/24 v0.1 Document Style `algorithm' - floating enviro
nment

(/usr/local/texlive/2015/texmf-dist/tex/latex/float/float.sty
Package: float 2001/11/08 v1.3d Float enhancements (AL)
\c@float@type=\count104
\float@exts=\toks21
\float@box=\box28
\@float@everytoks=\toks22
\@floatcapt=\box29
)
(/usr/local/texlive/2015/texmf-dist/tex/latex/base/ifthen.sty
Package: ifthen 2014/09/29 v1.1c Standard LaTeX ifthen package (DPC)
)
\@float@every@algorithm=\toks23
\c@algorithm=\count105
)
(/usr/local/texlive/2015/texmf-dist/tex/latex/algorithmicx/algpseudocode.sty
Package: algpseudocode 

(/usr/local/texlive/2015/texmf-dist/tex/latex/algorithmicx/algorithmicx.sty
Package: algorithmicx 2005/04/27 v1.2 Algorithmicx

Document Style algorithmicx 1.2 - a greatly improved `algorithmic' style
\c@ALG@line=\count106
\c@ALG@rem=\count107
\c@ALG@nested=\count108
\ALG@tlm=\skip52
\ALG@thistlm=\skip53
\c@ALG@Lnr=\count109
\c@ALG@blocknr=\count110
\c@ALG@storecount=\count111
\c@ALG@tmpcounter=\count112
\ALG@tmplength=\skip54
)
Document Style - pseudocode environments for use with the `algorithmicx' style
)
\c@prop=\count113
\c@theorem=\count114
\c@assumption=\count115
\c@lemma=\count116
\c@corol=\count117
\c@defin=\count118
\c@example=\count119
\c@remark=\count120
 (/usr/local/texlive/2015/texmf-dist/tex/latex/hyperref/hyperref.sty
Package: hyperref 2012/11/06 v6.83m Hypertext links for LaTeX

(/usr/local/texlive/2015/texmf-dist/tex/generic/oberdiek/hobsub-hyperref.sty
Package: hobsub-hyperref 2012/05/28 v1.13 Bundle oberdiek, subset hyperref (HO)


(/usr/local/texlive/2015/texmf-dist/tex/generic/oberdiek/hobsub-generic.sty
Package: hobsub-generic 2012/05/28 v1.13 Bundle oberdiek, subset generic (HO)
Package: hobsub 2012/05/28 v1.13 Construct package bundles (HO)
Package hobsub Info: Skipping package `infwarerr' (already loaded).
Package hobsub Info: Skipping package `ltxcmds' (already loaded).
Package: ifluatex 2010/03/01 v1.3 Provides the ifluatex switch (HO)
Package ifluatex Info: LuaTeX not detected.
Package: ifvtex 2010/03/01 v1.5 Detect VTeX and its facilities (HO)
Package ifvtex Info: VTeX not detected.
Package: intcalc 2007/09/27 v1.1 Expandable calculations with integers (HO)
Package: ifpdf 2011/01/30 v2.3 Provides the ifpdf switch (HO)
Package ifpdf Info: pdfTeX in PDF mode is detected.
Package: etexcmds 2011/02/16 v1.5 Avoid name clashes with e-TeX commands (HO)
Package etexcmds Info: Could not find \expanded.
(etexcmds)             That can mean that you are not using pdfTeX 1.50 or
(etexcmds)             that some package has redefined \expanded.
(etexcmds)             In the latter case, load this package earlier.
Package: kvsetkeys 2012/04/25 v1.16 Key value parser (HO)
Package: kvdefinekeys 2011/04/07 v1.3 Define keys (HO)
Package: pdftexcmds 2011/11/29 v0.20 Utility functions of pdfTeX for LuaTeX (HO
)
Package pdftexcmds Info: LuaTeX not detected.
Package pdftexcmds Info: \pdf@primitive is available.
Package pdftexcmds Info: \pdf@ifprimitive is available.
Package pdftexcmds Info: \pdfdraftmode found.
Package: pdfescape 2011/11/25 v1.13 Implements pdfTeX's escape features (HO)
Package: bigintcalc 2012/04/08 v1.3 Expandable calculations on big integers (HO
)
Package: bitset 2011/01/30 v1.1 Handle bit-vector datatype (HO)
Package: uniquecounter 2011/01/30 v1.2 Provide unlimited unique counter (HO)
)
Package hobsub Info: Skipping package `hobsub' (already loaded).
Package: letltxmacro 2010/09/02 v1.4 Let assignment for LaTeX macros (HO)
Package: hopatch 2012/05/28 v1.2 Wrapper for package hooks (HO)
Package: xcolor-patch 2011/01/30 xcolor patch
Package: atveryend 2011/06/30 v1.8 Hooks at the very end of document (HO)
Package atveryend Info: \enddocument detected (standard20110627).
Package: atbegshi 2011/10/05 v1.16 At begin shipout hook (HO)
Package: refcount 2011/10/16 v3.4 Data extraction from label references (HO)
Package: hycolor 2011/01/30 v1.7 Color options for hyperref/bookmark (HO)
)
(/usr/local/texlive/2015/texmf-dist/tex/generic/ifxetex/ifxetex.sty
Package: ifxetex 2010/09/12 v0.6 Provides ifxetex conditional
)
(/usr/local/texlive/2015/texmf-dist/tex/latex/oberdiek/auxhook.sty
Package: auxhook 2011/03/04 v1.3 Hooks for auxiliary files (HO)
)
(/usr/local/texlive/2015/texmf-dist/tex/latex/oberdiek/kvoptions.sty
Package: kvoptions 2011/06/30 v3.11 Key value format for package options (HO)
)
\@linkdim=\dimen122
\Hy@linkcounter=\count121
\Hy@pagecounter=\count122

(/usr/local/texlive/2015/texmf-dist/tex/latex/hyperref/pd1enc.def
File: pd1enc.def 2012/11/06 v6.83m Hyperref: PDFDocEncoding definition (HO)
)
\Hy@SavedSpaceFactor=\count123

(/usr/local/texlive/2015/texmf-dist/tex/latex/latexconfig/hyperref.cfg
File: hyperref.cfg 2002/06/06 v1.2 hyperref configuration of TeXLive
)
Package hyperref Info: Option `colorlinks' set `true' on input line 4319.
Package hyperref Info: Hyper figures OFF on input line 4443.
Package hyperref Info: Link nesting OFF on input line 4448.
Package hyperref Info: Hyper index ON on input line 4451.
Package hyperref Info: Plain pages OFF on input line 4458.
Package hyperref Info: Backreferencing OFF on input line 4463.
Package hyperref Info: Implicit mode ON; LaTeX internals redefined.
Package hyperref Info: Bookmarks ON on input line 4688.
\c@Hy@tempcnt=\count124

(/usr/local/texlive/2015/texmf-dist/tex/latex/url/url.sty
\Urlmuskip=\muskip11
Package: url 2013/09/16  ver 3.4  Verb mode for urls, etc.
)
LaTeX Info: Redefining \url on input line 5041.
\XeTeXLinkMargin=\dimen123
\Fld@menulength=\count125
\Field@Width=\dimen124
\Fld@charsize=\dimen125
Package hyperref Info: Hyper figures OFF on input line 6295.
Package hyperref Info: Link nesting OFF on input line 6300.
Package hyperref Info: Hyper index ON on input line 6303.
Package hyperref Info: backreferencing OFF on input line 6310.
Package hyperref Info: Link coloring ON on input line 6313.
Package hyperref Info: Link coloring with OCG OFF on input line 6320.
Package hyperref Info: PDF/A mode OFF on input line 6325.
LaTeX Info: Redefining \ref on input line 6365.
LaTeX Info: Redefining \pageref on input line 6369.
\Hy@abspage=\count126
\c@Item=\count127
\c@Hfootnote=\count128
)

Package hyperref Message: Driver (autodetected): hpdftex.

(/usr/local/texlive/2015/texmf-dist/tex/latex/hyperref/hpdftex.def
File: hpdftex.def 2012/11/06 v6.83m Hyperref driver for pdfTeX
\Fld@listcount=\count129
\c@bookmark@seq@number=\count130

(/usr/local/texlive/2015/texmf-dist/tex/latex/oberdiek/rerunfilecheck.sty
Package: rerunfilecheck 2011/04/15 v1.7 Rerun checks for auxiliary files (HO)
Package uniquecounter Info: New unique counter `rerunfilecheck' on input line 2
82.
)
\Hy@SectionHShift=\skip55
)
(./NN_MRR.aux)
\openout1 = `NN_MRR.aux'.

LaTeX Font Info:    Checking defaults for OML/cmm/m/it on input line 65.
LaTeX Font Info:    ... okay on input line 65.
LaTeX Font Info:    Checking defaults for T1/cmr/m/n on input line 65.
LaTeX Font Info:    ... okay on input line 65.
LaTeX Font Info:    Checking defaults for OT1/cmr/m/n on input line 65.
LaTeX Font Info:    ... okay on input line 65.
LaTeX Font Info:    Checking defaults for OMS/cmsy/m/n on input line 65.
LaTeX Font Info:    ... okay on input line 65.
LaTeX Font Info:    Checking defaults for OMX/cmex/m/n on input line 65.
LaTeX Font Info:    ... okay on input line 65.
LaTeX Font Info:    Checking defaults for U/cmr/m/n on input line 65.
LaTeX Font Info:    ... okay on input line 65.
LaTeX Font Info:    Checking defaults for PD1/pdf/m/n on input line 65.
LaTeX Font Info:    ... okay on input line 65.

(/usr/local/texlive/2015/texmf-dist/tex/context/base/supp-pdf.mkii
[Loading MPS to PDF converter (version 2006.09.02).]
\scratchcounter=\count131
\scratchdimen=\dimen126
\scratchbox=\box30
\nofMPsegments=\count132
\nofMParguments=\count133
\everyMPshowfont=\toks24
\MPscratchCnt=\count134
\MPscratchDim=\dimen127
\MPnumerator=\count135
\makeMPintoPDFobject=\count136
\everyMPtoPDFconversion=\toks25
) (/usr/local/texlive/2015/texmf-dist/tex/latex/oberdiek/epstopdf-base.sty
Package: epstopdf-base 2010/02/09 v2.5 Base part for package epstopdf

(/usr/local/texlive/2015/texmf-dist/tex/latex/oberdiek/grfext.sty
Package: grfext 2010/08/19 v1.1 Manage graphics extensions (HO)
)
Package grfext Info: Graphics extension search list:
(grfext)             [.png,.pdf,.jpg,.mps,.jpeg,.jbig2,.jb2,.PNG,.PDF,.JPG,.JPE
G,.JBIG2,.JB2,.eps]
(grfext)             \AppendGraphicsExtensions on input line 452.

(/usr/local/texlive/2015/texmf-dist/tex/latex/latexconfig/epstopdf-sys.cfg
File: epstopdf-sys.cfg 2010/07/13 v1.3 Configuration of (r)epstopdf for TeX Liv
e
))
Package caption Info: Begin \AtBeginDocument code.
Package caption Info: float package is loaded.
Package caption Info: hyperref package is loaded.
Package caption Info: End \AtBeginDocument code.
\AtBeginShipoutBox=\box31

(/usr/local/texlive/2015/texmf-dist/tex/latex/graphics/color.sty
Package: color 2014/10/28 v1.1a Standard LaTeX Color (DPC)

(/usr/local/texlive/2015/texmf-dist/tex/latex/latexconfig/color.cfg
File: color.cfg 2007/01/18 v1.5 color configuration of teTeX/TeXLive
)
Package color Info: Driver file: pdftex.def on input line 142.
)
Package hyperref Info: Link coloring ON on input line 65.

(/usr/local/texlive/2015/texmf-dist/tex/latex/hyperref/nameref.sty
Package: nameref 2012/10/27 v2.43 Cross-referencing by name of section

(/usr/local/texlive/2015/texmf-dist/tex/generic/oberdiek/gettitlestring.sty
Package: gettitlestring 2010/12/03 v1.4 Cleanup title references (HO)
)
\c@section@level=\count137
)
LaTeX Info: Redefining \ref on input line 65.
LaTeX Info: Redefining \pageref on input line 65.
LaTeX Info: Redefining \nameref on input line 65.

(./NN_MRR.out) (./NN_MRR.out)
\@outlinefile=\write3
\openout3 = `NN_MRR.out'.

LaTeX Font Info:    Try loading font information for U+msa on input line 79.

(/usr/local/texlive/2015/texmf-dist/tex/latex/amsfonts/umsa.fd
File: umsa.fd 2013/01/14 v3.01 AMS symbols A
)
LaTeX Font Info:    Try loading font information for U+msb on input line 79.

(/usr/local/texlive/2015/texmf-dist/tex/latex/amsfonts/umsb.fd
File: umsb.fd 2013/01/14 v3.01 AMS symbols B
)
LaTeX Font Info:    Try loading font information for OMS+cmr on input line 79.

(/usr/local/texlive/2015/texmf-dist/tex/latex/base/omscmr.fd
File: omscmr.fd 2014/09/29 v2.5h Standard LaTeX font definitions
)
LaTeX Font Info:    Font shape `OMS/cmr/m/n' in size <10> not available
(Font)              Font shape `OMS/cmsy/m/n' tried instead on input line 79.
LaTeX Font Info:    Font shape `OMS/cmr/m/n' in size <7> not available
(Font)              Font shape `OMS/cmsy/m/n' tried instead on input line 79.

Underfull \hbox (badness 10000) in paragraph at lines 80--81

 []

[1

{/usr/local/texlive/2015/texmf-var/fonts/map/pdftex/updmap/pdftex.map}]
[2] [3] [4] [5] [6]
Overfull \hbox (2.42789pt too wide) detected at line 191
[]\OMS/cmsy/m/n/12 k\OML/cmm/m/it/12 Y \OMS/cmsy/m/n/12 ^^@ \OML/cmm/m/it/12 X^
^L\OMS/cmsy/m/n/12 k[] \OT1/cmr/m/n/12 = [][] [] \OML/cmm/m/it/12 ;  [] [] \OT1
/cmr/m/n/12 = [][(\OML/cmm/m/it/12 Y \OMS/cmsy/m/n/12 ^^@ \OML/cmm/m/it/12 X^^L
\OT1/cmr/m/n/12 )[](\OML/cmm/m/it/12 Y \OMS/cmsy/m/n/12 ^^@ \OML/cmm/m/it/12 X^
^L\OT1/cmr/m/n/12 )][]\OML/cmm/m/it/12 ;
 []

[7] [8] [9] [10] [11] [12] [13]
Overfull \hbox (36.73679pt too wide) in paragraph at lines 288--295
\OMS/cmsy/m/n/12 G[]\OT1/cmr/m/n/12 (\OML/cmm/m/it/12 ^^L; \OT1/cmr/m/n/12 ^^H[
]\OML/cmm/m/it/12 ; \OT1/cmr/m/n/12 ^^@[])$ con-structed at the pre-vi-ous it-e
r-ate $\OML/cmm/m/it/12 ^^L[]:$ \OT1/cmr/m/n/12 Specif-i-cally, we ma-jorize $\
OMS/cmsy/m/n/12 G[]\OT1/cmr/m/n/12 (\OML/cmm/m/it/12 ^^L; \OT1/cmr/m/n/12 ^^H[]
\OML/cmm/m/it/12 ; \OT1/cmr/m/n/12 ^^@[])$
 []

[14pdfTeX warning (ext4): destination with the same identifier (name{equation.3
.13}) has been already used, duplicate ignored

\AtBegShi@Output ...ipout \box \AtBeginShipoutBox 
                                                  \fi \fi 
l.307 T
       his variation of the alternating direction method of multipliers algo...
]
Package hyperref Info: bookmark level for unknown algorithm defaults to 0 on in
put line 322.


Package hyperref Warning: Token not allowed in a PDF string (PDFDocEncoding):
(hyperref)                removing `math shift' on input line 338.


Package hyperref Warning: Token not allowed in a PDF string (PDFDocEncoding):
(hyperref)                removing `math shift' on input line 338.

[15] [16] [17] [18] [19]
LaTeX Font Info:    Font shape `OMS/cmr/m/n' in size <12> not available
(Font)              Font shape `OMS/cmsy/m/n' tried instead on input line 432.
 [20] [21]
<Plots/NormalHet_AR1_ModelErr_April.pdf, id=436, 230.8625pt x 165.61874pt>
File: Plots/NormalHet_AR1_ModelErr_April.pdf Graphic file (type pdf)

<use Plots/NormalHet_AR1_ModelErr_April.pdf>
Package pdftex.def Info: Plots/NormalHet_AR1_ModelErr_April.pdf used on input l
ine 473.
(pdftex.def)             Requested size: 184.9429pt x 132.67712pt.

<Plots/NormalHet_Const_ModelErr_April.pdf, id=437, 230.8625pt x 165.61874pt>
File: Plots/NormalHet_Const_ModelErr_April.pdf Graphic file (type pdf)

<use Plots/NormalHet_Const_ModelErr_April.pdf>
Package pdftex.def Info: Plots/NormalHet_Const_ModelErr_April.pdf used on input
 line 473.
(pdftex.def)             Requested size: 184.9429pt x 132.67712pt.

<Plots/Vert_Legend.pdf, id=438, 614.295pt x 794.97pt>
File: Plots/Vert_Legend.pdf Graphic file (type pdf)

<use Plots/Vert_Legend.pdf>
Package pdftex.def Info: Plots/Vert_Legend.pdf used on input line 473.
(pdftex.def)             Requested size: 99.58464pt x 128.87177pt.

Overfull \vbox (75.22186pt too high) detected at line 473
 []

<Plots/NormalHet_Dense_ModelErr_April.pdf, id=439, 230.8625pt x 165.61874pt>
File: Plots/NormalHet_Dense_ModelErr_April.pdf Graphic file (type pdf)

<use Plots/NormalHet_Dense_ModelErr_April.pdf>
Package pdftex.def Info: Plots/NormalHet_Dense_ModelErr_April.pdf used on input
 line 475.
(pdftex.def)             Requested size: 184.9429pt x 132.67712pt.

<Plots/THet_AR1_ModelErr_April.pdf, id=440, 230.8625pt x 165.61874pt>
File: Plots/THet_AR1_ModelErr_April.pdf Graphic file (type pdf)

<use Plots/THet_AR1_ModelErr_April.pdf>
Package pdftex.def Info: Plots/THet_AR1_ModelErr_April.pdf used on input line 4
75.
(pdftex.def)             Requested size: 193.47882pt x 138.80037pt.

Overfull \hbox (44.25134pt too wide) in paragraph at lines 472--478
[][] 
 []


LaTeX Warning: `!h' float specifier changed to `!ht'.

[22] [23 <./Plots/NormalHet_AR1_ModelErr_April.pdf> <./Plots/NormalHet_Const_Mo
delErr_April.pdf> <./Plots/Vert_Legend.pdf> <./Plots/NormalHet_Dense_ModelErr_A
pril.pdf> <./Plots/THet_AR1_ModelErr_April.pdf>] [24]
<Plots/NormalHet_AR1_ModelErr_TP_April.pdf, id=537, 230.8625pt x 165.61874pt>
File: Plots/NormalHet_AR1_ModelErr_TP_April.pdf Graphic file (type pdf)

<use Plots/NormalHet_AR1_ModelErr_TP_April.pdf>
Package pdftex.def Info: Plots/NormalHet_AR1_ModelErr_TP_April.pdf used on inpu
t line 524.
(pdftex.def)             Requested size: 227.62204pt x 163.29337pt.

<Plots/NormalHet_Const_ModelErr_TP_April.pdf, id=538, 230.8625pt x 165.61874pt>
File: Plots/NormalHet_Const_ModelErr_TP_April.pdf Graphic file (type pdf)
<use Plots/NormalHet_Const_ModelErr_TP_April.pdf>
Package pdftex.def Info: Plots/NormalHet_Const_ModelErr_TP_April.pdf used on in
put line 524.
(pdftex.def)             Requested size: 227.62204pt x 163.29337pt.

<Plots/TP_LegendGet.pdf, id=539, 440.4178pt x 68.15839pt>
File: Plots/TP_LegendGet.pdf Graphic file (type pdf)

<use Plots/TP_LegendGet.pdf>
Package pdftex.def Info: Plots/TP_LegendGet.pdf used on input line 526.
(pdftex.def)             Requested size: 455.24408pt x 70.4535pt.
 [25] [26 <./Plots/NormalHet_AR1_ModelErr_TP_April.pdf> <./Plots/NormalHet_Cons
t_ModelErr_TP_April.pdf> <./Plots/TP_LegendGet.pdf>] [27] [28] (./NN_MRR.bbl
LaTeX Font Info:    Font shape `OMS/cmr/m/it' in size <12> not available
(Font)              Font shape `OMS/cmsy/m/n' tried instead on input line 24.
 [29] [30] [31]) [32]pdfTeX warning (ext4): destination with the same identifie
r (name{section.1}) has been already used, duplicate ignored
<to be read again> 
                   \relax 
l.599 ...on{Proofs of Proposition 1 and Theorem 1}
                                                  pdfTeX warning (ext4): destin
ation with the same identifier (name{page.1}) has been already used, duplicate 
ignored
<to be read again> 
                   \relax 
l.605 \end{lemma}
                  [1

]pdfTeX warning (ext4): destination with the same identifier (name{page.2}) has
 been already used, duplicate ignored
<to be read again> 
                   \relax 
l.631 
       [2]
Overfull \hbox (1.10393pt too wide) in paragraph at lines 655--655
[] 
 []

pdfTeX warning (ext4): destination with the same identifier (name{page.3}) has 
been already used, duplicate ignored
<to be read again> 
                   \relax 
l.655 \end{align}
                  [3]pdfTeX warning (ext4): destination with the same identifie
r (name{page.4}) has been already used, duplicate ignored
<to be read again> 
                   \relax 
l.675 \end{align*}
                   [4]
Overfull \hbox (24.13562pt too wide) in paragraph at lines 681--681
\OT1/cmr/m/n/12 ([][]2008[][]), de-tailed in [][]Ne-gah-ban et al.[][] ([][]201
2[][]). De-fine $\OMS/cmsy/m/n/12 B[] \OT1/cmr/m/n/12 = []$.
 []

pdfTeX warning (ext4): destination with the same identifier (name{page.5}) has 
been already used, duplicate ignored
<to be read again> 
                   \relax 
l.682 \begin{align}
                    [5]pdfTeX warning (ext4): destination with the same identif
ier (name{page.6}) has been already used, duplicate ignored
<to be read again> 
                   \relax 
l.710 $$
         P\left(\frac{1}{\sqrt{n}} \frac{\|X'\eta\|_{\rm max}}{\|\eta\|_2} \...
[6]
Overfull \hbox (53.01251pt too wide) detected at line 714
\OML/cmm/m/it/12 P [] \OMS/cmsy/m/n/12 ^^T \OML/cmm/m/it/12 P [] \OT1/cmr/m/n/1
2 + \OML/cmm/m/it/12 P [] :
 []

pdfTeX warning (ext4): destination with the same identifier (name{page.7}) has 
been already used, duplicate ignored
<to be read again> 
                   \relax 
l.725 ... \right\} \leq \frac{\alpha}{\phi_2 q}.$$
                                                   [7]
Overfull \hbox (39.65707pt too wide) in paragraph at lines 730--730
[] 
 []

pdfTeX warning (ext4): destination with the same identifier (name{page.8}) has 
been already used, duplicate ignored
<to be read again> 
                   \relax 
l.746 \begin{align*}
                     [8]
Overfull \hbox (17.2062pt too wide) in paragraph at lines 750--750
[] 
 []

pdfTeX warning (ext4): destination with the same identifier (name{section.2}) h
as been already used, duplicate ignored
<to be read again> 
                   \relax 
l.751 \section{Additional simulation results}
                                             pdfTeX warning (ext4): destination
 with the same identifier (name{subsection.2.1}) has been already used, duplica
te ignored
<to be read again> 
                   \relax 
l.752 ...ection{Weighted prediction error results}
                                                  pdfTeX warning (ext4): destin
ation with the same identifier (name{page.9}) has been already used, duplicate 
ignored
<to be read again> 
                   \relax 
l.758 
       [9]
<Plots/NormalHet_AR1_PredErr_April.pdf, id=766, 230.8625pt x 165.61874pt>
File: Plots/NormalHet_AR1_PredErr_April.pdf Graphic file (type pdf)

<use Plots/NormalHet_AR1_PredErr_April.pdf>
Package pdftex.def Info: Plots/NormalHet_AR1_PredErr_April.pdf used on input li
ne 762.
(pdftex.def)             Requested size: 196.32384pt x 140.84229pt.

<Plots/NormalHet_Const_PredErr_April.pdf, id=767, 230.8625pt x 165.61874pt>
File: Plots/NormalHet_Const_PredErr_April.pdf Graphic file (type pdf)

<use Plots/NormalHet_Const_PredErr_April.pdf>
Package pdftex.def Info: Plots/NormalHet_Const_PredErr_April.pdf used on input 
line 762.
(pdftex.def)             Requested size: 196.32384pt x 140.84229pt.
File: Plots/Vert_Legend.pdf Graphic file (type pdf)
 <use Plots/Vert_Legend.pdf>
Package pdftex.def Info: Plots/Vert_Legend.pdf used on input line 762.
(pdftex.def)             Requested size: 71.13188pt x 92.04433pt.

Overfull \vbox (38.39442pt too high) detected at line 762
 []

<Plots/NormalHet_Dense_PredErr_April.pdf, id=768, 230.8625pt x 165.61874pt>
File: Plots/NormalHet_Dense_PredErr_April.pdf Graphic file (type pdf)

<use Plots/NormalHet_Dense_PredErr_April.pdf>
Package pdftex.def Info: Plots/NormalHet_Dense_PredErr_April.pdf used on input 
line 764.
(pdftex.def)             Requested size: 196.32384pt x 140.84229pt.

<Plots/THet_AR1_PredErr_April.pdf, id=769, 230.8625pt x 165.61874pt>
File: Plots/THet_AR1_PredErr_April.pdf Graphic file (type pdf)

<use Plots/THet_AR1_PredErr_April.pdf>
Package pdftex.def Info: Plots/THet_AR1_PredErr_April.pdf used on input line 76
4.
(pdftex.def)             Requested size: 202.01474pt x 144.92361pt.

Overfull \hbox (35.71544pt too wide) in paragraph at lines 761--767
[][] 
 []

pdfTeX warning (ext4): destination with the same identifier (name{subsection.2.
2}) has been already used, duplicate ignored
<to be read again> 
                   \relax 
l.771 \subsection{Model 1 and 2 with $q$ varying}
                                                 

Package hyperref Warning: Token not allowed in a PDF string (PDFDocEncoding):
(hyperref)                removing `math shift' on input line 771.


Package hyperref Warning: Token not allowed in a PDF string (PDFDocEncoding):
(hyperref)                removing `math shift' on input line 771.

<Plots/NormalHet_qAR1_ModelErr_April.pdf, id=771, 230.8625pt x 165.61874pt>
File: Plots/NormalHet_qAR1_ModelErr_April.pdf Graphic file (type pdf)

<use Plots/NormalHet_qAR1_ModelErr_April.pdf>
Package pdftex.def Info: Plots/NormalHet_qAR1_ModelErr_April.pdf used on input 
line 775.
(pdftex.def)             Requested size: 184.9429pt x 132.67712pt.

<Plots/NormalHet_qConst_ModelErr_April.pdf, id=772, 230.8625pt x 165.61874pt>
File: Plots/NormalHet_qConst_ModelErr_April.pdf Graphic file (type pdf)

<use Plots/NormalHet_qConst_ModelErr_April.pdf>
Package pdftex.def Info: Plots/NormalHet_qConst_ModelErr_April.pdf used on inpu
t line 775.
(pdftex.def)             Requested size: 184.9429pt x 132.67712pt.
File: Plots/Vert_Legend.pdf Graphic file (type pdf)
 <use Plots/Vert_Legend.pdf>
Package pdftex.def Info: Plots/Vert_Legend.pdf used on input line 775.
(pdftex.def)             Requested size: 71.13188pt x 92.04433pt.

Overfull \vbox (38.39442pt too high) detected at line 775
 []

<Plots/NormalHet_qAR1_PredErr_April.pdf, id=773, 230.8625pt x 165.61874pt>
File: Plots/NormalHet_qAR1_PredErr_April.pdf Graphic file (type pdf)

<use Plots/NormalHet_qAR1_PredErr_April.pdf>
Package pdftex.def Info: Plots/NormalHet_qAR1_PredErr_April.pdf used on input l
ine 777.
(pdftex.def)             Requested size: 196.32384pt x 140.84229pt.

<Plots/NormalHet_qConst_PredErr_April.pdf, id=774, 230.8625pt x 165.61874pt>
File: Plots/NormalHet_qConst_PredErr_April.pdf Graphic file (type pdf)

<use Plots/NormalHet_qConst_PredErr_April.pdf>
Package pdftex.def Info: Plots/NormalHet_qConst_PredErr_April.pdf used on input
 line 777.
(pdftex.def)             Requested size: 196.32384pt x 140.84229pt.

Overfull \hbox (30.02454pt too wide) in paragraph at lines 774--780
[][] 
 []

pdfTeX warning (ext4): destination with the same identifier (name{page.10}) has
 been already used, duplicate ignored
<to be read again> 
                   \relax 
l.784 
       [10 <./Plots/NormalHet_AR1_PredErr_April.pdf> <./Plots/NormalHet_Const_P
redErr_April.pdf> <./Plots/NormalHet_Dense_PredErr_April.pdf> <./Plots/THet_AR1
_PredErr_April.pdf>]pdfTeX warning (ext4): destination with the same identifier
 (name{section.3}) has been already used, duplicate ignored
<to be read again> 
                   \relax 
l.786 \section{Computational details}
                                     pdfTeX warning (ext4): destination with th
e same identifier (name{subsection.3.1}) has been already used, duplicate ignor
ed
<to be read again> 
                   \relax 
l.787 ...rivation of proximal ADMM $\beta$ update}
                                                  

Package hyperref Warning: Token not allowed in a PDF string (PDFDocEncoding):
(hyperref)                removing `math shift' on input line 787.


Package hyperref Warning: Token not allowed in a PDF string (PDFDocEncoding):
(hyperref)                removing `\beta' on input line 787.


Package hyperref Warning: Token not allowed in a PDF string (PDFDocEncoding):
(hyperref)                removing `math shift' on input line 787.


Overfull \hbox (32.57916pt too wide) in paragraph at lines 791--791
[] 
 []

pdfTeX warning (ext4): destination with the same identifier (name{page.11}) has
 been already used, duplicate ignored
<to be read again> 
                   \relax 
l.791 ... \mathcal{P}(\beta) \right\}.\end{align*}
                                                   [11 <./Plots/NormalHet_qAR1_
ModelErr_April.pdf> <./Plots/NormalHet_qConst_ModelErr_April.pdf> <./Plots/Norm
alHet_qAR1_PredErr_April.pdf> <./Plots/NormalHet_qConst_PredErr_April.pdf>]
Overfull \hbox (41.63301pt too wide) in paragraph at lines 803--803
[] 
 []

pdfTeX warning (ext4): destination with the same identifier (name{page.12}) has
 been already used, duplicate ignored
<to be read again> 
                   \relax 
l.803 \end{align*}
                   [12]pdfTeX warning (ext4): destination with the same identif
ier (name{subsection.3.2}) has been already used, duplicate ignored
<to be read again> 
                   \relax 
l.805 ...Stochastic approximation of the gradient}
                                                  pdfTeX warning (ext4): destin
ation with the same identifier (name{subsection.3.3}) has been already used, du
plicate ignored
<to be read again> 
                   \relax 
l.809 ...r refitting with unstructured covariance}
                                                  pdfTeX warning (ext4): destin
ation with the same identifier (name{page.13}) has been already used, duplicate
 ignored
<to be read again> 
                   \relax 
l.816 \item $
             \beta^{(k+1)} = \argmin_{\beta \in G(\tilde{\beta})} {\rm tr}\l...
[13]
Package atveryend Info: Empty hook `BeforeClearDocument' on input line 828.
pdfTeX warning (ext4): destination with the same identifier (name{page.14}) has
 been already used, duplicate ignored
<to be read again> 
                   \relax 
l.828 \end{document}
                     [14]
Package atveryend Info: Empty hook `AfterLastShipout' on input line 828.
 (./NN_MRR.aux)
Package atveryend Info: Executing hook `AtVeryEndDocument' on input line 828.
Package atveryend Info: Executing hook `AtEndAfterFileList' on input line 828.
Package rerunfilecheck Info: File `NN_MRR.out' has not changed.
(rerunfilecheck)             Checksum: 0828F2D8EF3971295983EAA6EDB94FFA;1850.
Package atveryend Info: Empty hook `AtVeryVeryEnd' on input line 828.
 )
(\end occurred inside a group at level 1)

### semi simple group (level 1) entered at line 62 (\begingroup)
### bottom level 
Here is how much of TeX's memory you used:
 8531 strings out of 493089
 128708 string characters out of 6134842
 235180 words of memory out of 5000000
 11750 multiletter control sequences out of 15000+600000
 16056 words of font info for 62 fonts, out of 8000000 for 9000
 1141 hyphenation exceptions out of 8191
 36i,16n,38p,1532b,1484s stack positions out of 5000i,500n,10000p,200000b,80000s
</usr/local/texlive/2015/texmf-dist/fonts/type1/public/amsfonts
/cm/cmbx10.pfb></usr/local/texlive/2015/texmf-dist/fonts/type1/public/amsfonts/
cm/cmbx12.pfb></usr/local/texlive/2015/texmf-dist/fonts/type1/public/amsfonts/c
m/cmex10.pfb></usr/local/texlive/2015/texmf-dist/fonts/type1/public/amsfonts/cm
/cmmi12.pfb></usr/local/texlive/2015/texmf-dist/fonts/type1/public/amsfonts/cm/
cmmi6.pfb></usr/local/texlive/2015/texmf-dist/fonts/type1/public/amsfonts/cm/cm
mi8.pfb></usr/local/texlive/2015/texmf-dist/fonts/type1/public/amsfonts/cm/cmr1
0.pfb></usr/local/texlive/2015/texmf-dist/fonts/type1/public/amsfonts/cm/cmr12.
pfb></usr/local/texlive/2015/texmf-dist/fonts/type1/public/amsfonts/cm/cmr17.pf
b></usr/local/texlive/2015/texmf-dist/fonts/type1/public/amsfonts/cm/cmr6.pfb><
/usr/local/texlive/2015/texmf-dist/fonts/type1/public/amsfonts/cm/cmr8.pfb></us
r/local/texlive/2015/texmf-dist/fonts/type1/public/amsfonts/cm/cmsy10.pfb></usr
/local/texlive/2015/texmf-dist/fonts/type1/public/amsfonts/cm/cmsy6.pfb></usr/l
ocal/texlive/2015/texmf-dist/fonts/type1/public/amsfonts/cm/cmsy7.pfb></usr/loc
al/texlive/2015/texmf-dist/fonts/type1/public/amsfonts/cm/cmsy8.pfb></usr/local
/texlive/2015/texmf-dist/fonts/type1/public/amsfonts/cm/cmti12.pfb></usr/local/
texlive/2015/texmf-dist/fonts/type1/public/amsfonts/cm/cmtt12.pfb></usr/local/t
exlive/2015/texmf-dist/fonts/type1/public/amsfonts/symbols/msam10.pfb></usr/loc
al/texlive/2015/texmf-dist/fonts/type1/public/amsfonts/symbols/msbm10.pfb>
Output written on NN_MRR.pdf (46 pages, 497102 bytes).
PDF statistics:
 946 PDF objects out of 1000 (max. 8388607)
 812 compressed objects within 9 object streams
 134 named destinations out of 1000 (max. 500000)
 281 words of extra memory for PDF output out of 10000 (max. 10000000)

